<?xml version="1.0" encoding="UTF-8"?>
<testng-results skipped="0" failed="0" ignored="0" total="1" passed="1">
  <reporter-output>
  </reporter-output>
  <suite name="Default suite" duration-ms="18050" started-at="2018-12-05T05:08:25Z" finished-at="2018-12-05T05:08:43Z">
    <groups>
    </groups>
    <test name="Default test" duration-ms="18050" started-at="2018-12-05T05:08:25Z" finished-at="2018-12-05T05:08:43Z">
      <class name="com.selenium.tests.AddToCartSimplified">
        <test-method status="PASS" signature="setUp()[pri:0, instance:com.selenium.tests.AddToCartSimplified@68c4039c]" name="setUp" is-config="true" duration-ms="8172" started-at="2018-12-05T05:08:25Z" finished-at="2018-12-05T05:08:33Z">
          <reporter-output>
          </reporter-output>
        </test-method> <!-- setUp -->
        <test-method status="PASS" signature="addToCart()[pri:0, instance:com.selenium.tests.AddToCartSimplified@68c4039c]" name="addToCart" duration-ms="9748" started-at="2018-12-05T05:08:33Z" finished-at="2018-12-05T05:08:43Z">
          <reporter-output>
          </reporter-output>
        </test-method> <!-- addToCart -->
        <test-method status="PASS" signature="tearDown()[pri:0, instance:com.selenium.tests.AddToCartSimplified@68c4039c]" name="tearDown" is-config="true" duration-ms="111" started-at="2018-12-05T05:08:43Z" finished-at="2018-12-05T05:08:43Z">
          <reporter-output>
          </reporter-output>
        </test-method> <!-- tearDown -->
      </class> <!-- com.selenium.tests.AddToCartSimplified -->
    </test> <!-- Default test -->
  </suite> <!-- Default suite -->
</testng-results>
